<?xml version="1.0" encoding="UTF-8"?>
<testng-results ignored="0" total="3" passed="3" failed="0" skipped="0">
  <reporter-output>
  </reporter-output>
  <suite started-at="2021-07-08T11:13:32 IST" name="Default suite" finished-at="2021-07-08T11:13:38 IST" duration-ms="5898">
    <groups>
    </groups>
    <test started-at="2021-07-08T11:13:32 IST" name="Default test" finished-at="2021-07-08T11:13:38 IST" duration-ms="5898">
      <class name="test.gitActivity">
        <test-method is-config="true" signature="setUp()[pri:0, instance:test.gitActivity@12d4bf7e]" started-at="2021-07-08T11:13:32 IST" name="setUp" finished-at="2021-07-08T11:13:33 IST" duration-ms="1164" status="PASS">
          <reporter-output>
          </reporter-output>
        </test-method> <!-- setUp -->
        <test-method signature="postSSH()[pri:1, instance:test.gitActivity@12d4bf7e]" started-at="2021-07-08T11:13:33 IST" name="postSSH" finished-at="2021-07-08T11:13:37 IST" duration-ms="3520" status="PASS">
          <reporter-output>
          </reporter-output>
        </test-method> <!-- postSSH -->
        <test-method signature="getSSHKeys()[pri:2, instance:test.gitActivity@12d4bf7e]" started-at="2021-07-08T11:13:37 IST" name="getSSHKeys" finished-at="2021-07-08T11:13:37 IST" duration-ms="681" status="PASS">
          <reporter-output>
          </reporter-output>
        </test-method> <!-- getSSHKeys -->
        <test-method signature="deleteSShKeys()[pri:3, instance:test.gitActivity@12d4bf7e]" started-at="2021-07-08T11:13:37 IST" name="deleteSShKeys" finished-at="2021-07-08T11:13:38 IST" duration-ms="474" status="PASS">
          <reporter-output>
          </reporter-output>
        </test-method> <!-- deleteSShKeys -->
      </class> <!-- test.gitActivity -->
    </test> <!-- Default test -->
  </suite> <!-- Default suite -->
</testng-results>
