<?xml version="1.0" encoding="UTF-8"?>
<!-- Generated by org.testng.reporters.JUnitXMLReporter -->
<testsuite ignored="0" hostname="DESKTOP-88FLBF9" failures="0" tests="3" name="Default test" time="5.898" errors="0" timestamp="2021-07-08T11:13:38 IST">
  <testcase classname="test.gitActivity" name="postSSH" time="3.52"/>
  <testcase classname="test.gitActivity" name="getSSHKeys" time="0.681"/>
  <testcase classname="test.gitActivity" name="deleteSShKeys" time="0.474"/>
</testsuite> <!-- Default test -->
